  [1m[35m (1.3ms)[0m  [1m[34mSELECT sqlite_version(*)[0m
DEPRECATION WARNING: Using `bin/rake routes` is deprecated and will be removed in Rails 6.1. Use `bin/rails routes` instead.
 (called from load at /Users/mdsaqlain/.rvm/gems/ruby-2.7.0/bin/rake:23)
  [1m[35m (0.3ms)[0m  [1m[34mSELECT sqlite_version(*)[0m
  [1m[35m (0.3ms)[0m  [1m[34mSELECT sqlite_version(*)[0m
  [1m[35m (0.3ms)[0m  [1m[34mSELECT sqlite_version(*)[0m
  [1m[35m (0.3ms)[0m  [1m[34mSELECT sqlite_version(*)[0m
  [1m[35m (1.2ms)[0m  [1m[34mSELECT sqlite_version(*)[0m
  [1m[36mPost Load (0.5ms)[0m  [1m[34mSELECT "posts".* FROM "posts"[0m
  [1m[35m (0.3ms)[0m  [1m[34mSELECT sqlite_version(*)[0m
  [1m[35m (1.0ms)[0m  [1m[35mCREATE TABLE "schema_migrations" ("version" varchar NOT NULL PRIMARY KEY)[0m
  [1m[35m (0.8ms)[0m  [1m[35mCREATE TABLE "ar_internal_metadata" ("key" varchar NOT NULL PRIMARY KEY, "value" varchar, "created_at" datetime(6) NOT NULL, "updated_at" datetime(6) NOT NULL)[0m
  [1m[35m (0.1ms)[0m  [1m[34mSELECT "schema_migrations"."version" FROM "schema_migrations" ORDER BY "schema_migrations"."version" ASC[0m
Migrating to CreatePosts (20200829145035)
  [1m[35m (0.0ms)[0m  [1m[36mbegin transaction[0m
  [1m[35m (0.3ms)[0m  [1m[35mCREATE TABLE "posts" ("id" integer PRIMARY KEY AUTOINCREMENT NOT NULL, "title" varchar, "body" text, "created_at" datetime(6) NOT NULL, "updated_at" datetime(6) NOT NULL)[0m
  [1m[36mprimary::SchemaMigration Create (0.1ms)[0m  [1m[32mINSERT INTO "schema_migrations" ("version") VALUES (?)[0m  [["version", "20200829145035"]]
  [1m[35m (0.5ms)[0m  [1m[36mcommit transaction[0m
Migrating to CreateComments (20200829145059)
  [1m[35m (0.0ms)[0m  [1m[36mbegin transaction[0m
  [1m[35m (0.3ms)[0m  [1m[35mCREATE TABLE "comments" ("id" integer PRIMARY KEY AUTOINCREMENT NOT NULL, "post_id" integer NOT NULL, "body" text, "created_at" datetime(6) NOT NULL, "updated_at" datetime(6) NOT NULL, CONSTRAINT "fk_rails_2fd19c0db7"
FOREIGN KEY ("post_id")
  REFERENCES "posts" ("id")
)[0m
  [1m[35m (0.1ms)[0m  [1m[35mCREATE  INDEX "index_comments_on_post_id" ON "comments" ("post_id")[0m
  [1m[36mprimary::SchemaMigration Create (0.1ms)[0m  [1m[32mINSERT INTO "schema_migrations" ("version") VALUES (?)[0m  [["version", "20200829145059"]]
  [1m[35m (0.5ms)[0m  [1m[36mcommit transaction[0m
  [1m[36mActiveRecord::InternalMetadata Load (0.1ms)[0m  [1m[34mSELECT "ar_internal_metadata".* FROM "ar_internal_metadata" WHERE "ar_internal_metadata"."key" = ? LIMIT ?[0m  [["key", "environment"], ["LIMIT", 1]]
  [1m[35m (0.1ms)[0m  [1m[36mbegin transaction[0m
  [1m[36mActiveRecord::InternalMetadata Create (0.2ms)[0m  [1m[32mINSERT INTO "ar_internal_metadata" ("key", "value", "created_at", "updated_at") VALUES (?, ?, ?, ?)[0m  [["key", "environment"], ["value", "development"], ["created_at", "2020-10-10 06:57:26.496040"], ["updated_at", "2020-10-10 06:57:26.496040"]]
  [1m[35m (0.7ms)[0m  [1m[36mcommit transaction[0m
  [1m[35m (0.0ms)[0m  [1m[34mSELECT sqlite_version(*)[0m
  [1m[35m (0.1ms)[0m  [1m[34mSELECT "schema_migrations"."version" FROM "schema_migrations" ORDER BY "schema_migrations"."version" ASC[0m
  [1m[35m (0.0ms)[0m  [1m[34mSELECT sqlite_version(*)[0m
  [1m[35m (0.1ms)[0m  [1m[34mSELECT "schema_migrations"."version" FROM "schema_migrations" ORDER BY "schema_migrations"."version" ASC[0m
  [1m[35m (0.4ms)[0m  [1m[34mSELECT sqlite_version(*)[0m
  [1m[36mPost Load (0.1ms)[0m  [1m[34mSELECT "posts".* FROM "posts"[0m
DEPRECATION WARNING: Using `bin/rake routes` is deprecated and will be removed in Rails 6.1. Use `bin/rails routes` instead.
 (called from load at /Users/mdsaqlain/.rvm/gems/ruby-2.7.0/bin/rake:23)
Started GET "/" for ::1 at 2020-10-10 12:29:35 +0530
  [1m[35m (0.3ms)[0m  [1m[34mSELECT sqlite_version(*)[0m
  [1m[35m (0.1ms)[0m  [1m[34mSELECT "schema_migrations"."version" FROM "schema_migrations" ORDER BY "schema_migrations"."version" ASC[0m
Processing by Rails::WelcomeController#index as HTML
  Rendering /Users/mdsaqlain/.rvm/gems/ruby-2.7.0/gems/railties-6.0.3.4/lib/rails/templates/rails/welcome/index.html.erb
  Rendered /Users/mdsaqlain/.rvm/gems/ruby-2.7.0/gems/railties-6.0.3.4/lib/rails/templates/rails/welcome/index.html.erb (Duration: 7.4ms | Allocations: 409)
Completed 200 OK in 25ms (Views: 16.0ms | ActiveRecord: 0.0ms | Allocations: 3121)


Started GET "/posts" for ::1 at 2020-10-10 12:29:45 +0530
Processing by PostsController#index as HTML
  Rendering posts/index.html.erb within layouts/application
  [1m[36mPost Load (0.2ms)[0m  [1m[34mSELECT "posts".* FROM "posts"[0m
  ↳ app/views/posts/index.html.erb:15
  Rendered posts/index.html.erb within layouts/application (Duration: 2.6ms | Allocations: 1602)
[Webpacker] Compiling...
[Webpacker] Compiled all packs in /Users/mdsaqlain/Desktop/blog/public/packs
[Webpacker] Hash: 15d1bb7b54cf6326b9ba
Version: webpack 4.44.1
Time: 1385ms
Built at: 10/10/2020 12:29:48 PM
                                     Asset       Size       Chunks                         Chunk Names
    js/application-9afcbb5693aa87623e69.js    124 KiB  application  [emitted] [immutable]  application
js/application-9afcbb5693aa87623e69.js.map    139 KiB  application  [emitted] [dev]        application
                             manifest.json  364 bytes               [emitted]              
Entrypoint application = js/application-9afcbb5693aa87623e69.js js/application-9afcbb5693aa87623e69.js.map
[./app/javascript/channels sync recursive _channel\.js$] ./app/javascript/channels sync _channel\.js$ 160 bytes {application} [built]
[./app/javascript/channels/index.js] 211 bytes {application} [built]
[./app/javascript/packs/application.js] 749 bytes {application} [built]
[./node_modules/webpack/buildin/module.js] (webpack)/buildin/module.js 552 bytes {application} [built]
    + 3 hidden modules

Completed 200 OK in 3041ms (Views: 3039.0ms | ActiveRecord: 0.4ms | Allocations: 26560)


Started GET "/posts/new" for ::1 at 2020-10-10 12:29:51 +0530
Processing by PostsController#new as HTML
  Rendering posts/new.html.erb within layouts/application
  Rendered posts/_form.html.erb (Duration: 15.1ms | Allocations: 4351)
  Rendered posts/new.html.erb within layouts/application (Duration: 16.0ms | Allocations: 4685)
[Webpacker] Everything's up-to-date. Nothing to do
Completed 200 OK in 27ms (Views: 22.0ms | ActiveRecord: 0.4ms | Allocations: 11443)


Started POST "/posts" for ::1 at 2020-10-10 12:33:16 +0530
Processing by PostsController#create as HTML
  Parameters: {"authenticity_token"=>"XSmi4pTWvK47RvFgxdpxjhPa9dI1UKdRK8l9qh1a0xcZPC86T3vvMUKtx+/EjekW6daPoGMbYGM5my62tOvkqQ==", "post"=>{"title"=>"Cloud-based Widgets", "body"=>"Blah, blah, blah"}, "commit"=>"Create Post"}
  [1m[35m (0.1ms)[0m  [1m[36mbegin transaction[0m
  ↳ app/controllers/posts_controller.rb:30:in `block in create'
  [1m[36mPost Create (0.4ms)[0m  [1m[32mINSERT INTO "posts" ("title", "body", "created_at", "updated_at") VALUES (?, ?, ?, ?)[0m  [["title", "Cloud-based Widgets"], ["body", "Blah, blah, blah"], ["created_at", "2020-10-10 07:03:16.895807"], ["updated_at", "2020-10-10 07:03:16.895807"]]
  ↳ app/controllers/posts_controller.rb:30:in `block in create'
  [1m[35m (0.7ms)[0m  [1m[36mcommit transaction[0m
  ↳ app/controllers/posts_controller.rb:30:in `block in create'
Redirected to http://localhost:3000/posts/1
Completed 302 Found in 5ms (ActiveRecord: 1.1ms | Allocations: 2922)


Started GET "/posts/1" for ::1 at 2020-10-10 12:33:16 +0530
Processing by PostsController#show as HTML
  Parameters: {"id"=>"1"}
  [1m[36mPost Load (0.2ms)[0m  [1m[34mSELECT "posts".* FROM "posts" WHERE "posts"."id" = ? LIMIT ?[0m  [["id", 1], ["LIMIT", 1]]
  ↳ app/controllers/posts_controller.rb:67:in `set_post'
  Rendering posts/show.html.erb within layouts/application
  Rendered posts/show.html.erb within layouts/application (Duration: 0.5ms | Allocations: 252)
[Webpacker] Everything's up-to-date. Nothing to do
Completed 200 OK in 8ms (Views: 5.7ms | ActiveRecord: 0.2ms | Allocations: 5248)


Started GET "/posts" for ::1 at 2020-10-10 12:33:19 +0530
Processing by PostsController#index as HTML
  Rendering posts/index.html.erb within layouts/application
  [1m[36mPost Load (0.1ms)[0m  [1m[34mSELECT "posts".* FROM "posts"[0m
  ↳ app/views/posts/index.html.erb:15
  Rendered posts/index.html.erb within layouts/application (Duration: 1.3ms | Allocations: 766)
[Webpacker] Everything's up-to-date. Nothing to do
Completed 200 OK in 7ms (Views: 6.6ms | ActiveRecord: 0.1ms | Allocations: 4693)


Started GET "/posts/new" for ::1 at 2020-10-10 12:33:20 +0530
Processing by PostsController#new as HTML
  Rendering posts/new.html.erb within layouts/application
  Rendered posts/_form.html.erb (Duration: 1.7ms | Allocations: 686)
  Rendered posts/new.html.erb within layouts/application (Duration: 1.9ms | Allocations: 769)
[Webpacker] Everything's up-to-date. Nothing to do
Completed 200 OK in 9ms (Views: 8.0ms | ActiveRecord: 0.0ms | Allocations: 4693)


Started POST "/posts" for ::1 at 2020-10-10 12:33:38 +0530
Processing by PostsController#create as HTML
  Parameters: {"authenticity_token"=>"Q+aAL8ESSxoFmCSHQW+2hzU2U1gO11U+4aXBK6NuFQ4H8w33Gr8YhXxzEghAOC4fzzopKlickgzz95I3Ct8isA==", "post"=>{"title"=>"Big-data Nano Widgets", "body"=>"Blab, blab, blab"}, "commit"=>"Create Post"}
  [1m[35m (0.1ms)[0m  [1m[36mbegin transaction[0m
  ↳ app/controllers/posts_controller.rb:30:in `block in create'
  [1m[36mPost Create (0.3ms)[0m  [1m[32mINSERT INTO "posts" ("title", "body", "created_at", "updated_at") VALUES (?, ?, ?, ?)[0m  [["title", "Big-data Nano Widgets"], ["body", "Blab, blab, blab"], ["created_at", "2020-10-10 07:03:38.484157"], ["updated_at", "2020-10-10 07:03:38.484157"]]
  ↳ app/controllers/posts_controller.rb:30:in `block in create'
  [1m[35m (1.5ms)[0m  [1m[36mcommit transaction[0m
  ↳ app/controllers/posts_controller.rb:30:in `block in create'
Redirected to http://localhost:3000/posts/2
Completed 302 Found in 11ms (ActiveRecord: 1.9ms | Allocations: 2674)


Started GET "/posts/2" for ::1 at 2020-10-10 12:33:38 +0530
Processing by PostsController#show as HTML
  Parameters: {"id"=>"2"}
  [1m[36mPost Load (0.1ms)[0m  [1m[34mSELECT "posts".* FROM "posts" WHERE "posts"."id" = ? LIMIT ?[0m  [["id", 2], ["LIMIT", 1]]
  ↳ app/controllers/posts_controller.rb:67:in `set_post'
  Rendering posts/show.html.erb within layouts/application
  Rendered posts/show.html.erb within layouts/application (Duration: 0.2ms | Allocations: 82)
[Webpacker] Everything's up-to-date. Nothing to do
Completed 200 OK in 6ms (Views: 5.1ms | ActiveRecord: 0.1ms | Allocations: 4557)


Started GET "/posts" for ::1 at 2020-10-10 12:33:41 +0530
Processing by PostsController#index as HTML
  Rendering posts/index.html.erb within layouts/application
  [1m[36mPost Load (0.2ms)[0m  [1m[34mSELECT "posts".* FROM "posts"[0m
  ↳ app/views/posts/index.html.erb:15
  Rendered posts/index.html.erb within layouts/application (Duration: 1.5ms | Allocations: 896)
[Webpacker] Everything's up-to-date. Nothing to do
Completed 200 OK in 7ms (Views: 6.5ms | ActiveRecord: 0.2ms | Allocations: 4825)


Started GET "/posts" for ::1 at 2020-10-10 12:33:45 +0530
Processing by PostsController#index as HTML
  Rendering posts/index.html.erb within layouts/application
  [1m[36mPost Load (0.1ms)[0m  [1m[34mSELECT "posts".* FROM "posts"[0m
  ↳ app/views/posts/index.html.erb:15
  Rendered posts/index.html.erb within layouts/application (Duration: 1.3ms | Allocations: 887)
[Webpacker] Everything's up-to-date. Nothing to do
Completed 200 OK in 7ms (Views: 6.2ms | ActiveRecord: 0.1ms | Allocations: 4793)


Started GET "/" for ::1 at 2020-10-10 12:33:46 +0530
Processing by Rails::WelcomeController#index as HTML
  Rendering /Users/mdsaqlain/.rvm/gems/ruby-2.7.0/gems/railties-6.0.3.4/lib/rails/templates/rails/welcome/index.html.erb
  Rendered /Users/mdsaqlain/.rvm/gems/ruby-2.7.0/gems/railties-6.0.3.4/lib/rails/templates/rails/welcome/index.html.erb (Duration: 5.7ms | Allocations: 181)
Completed 200 OK in 7ms (Views: 6.2ms | ActiveRecord: 0.0ms | Allocations: 860)


Started GET "/comments" for ::1 at 2020-10-10 12:33:47 +0530
Processing by CommentsController#index as HTML
  Rendering comments/index.html.erb within layouts/application
  [1m[36mComment Load (0.1ms)[0m  [1m[34mSELECT "comments".* FROM "comments"[0m
  ↳ app/views/comments/index.html.erb:15
  Rendered comments/index.html.erb within layouts/application (Duration: 1.9ms | Allocations: 1162)
[Webpacker] Everything's up-to-date. Nothing to do
Completed 200 OK in 11ms (Views: 7.5ms | ActiveRecord: 0.4ms | Allocations: 6337)


Started GET "/comments/new" for ::1 at 2020-10-10 12:33:51 +0530
Processing by CommentsController#new as HTML
  Rendering comments/new.html.erb within layouts/application
  Rendered comments/_form.html.erb (Duration: 2.0ms | Allocations: 1119)
  Rendered comments/new.html.erb within layouts/application (Duration: 2.8ms | Allocations: 1441)
[Webpacker] Everything's up-to-date. Nothing to do
Completed 200 OK in 13ms (Views: 8.4ms | ActiveRecord: 0.3ms | Allocations: 7955)


Started POST "/comments" for ::1 at 2020-10-10 12:34:28 +0530
Processing by CommentsController#create as HTML
  Parameters: {"authenticity_token"=>"ivWKyTEDdxWc0EJitgAXsf4RlPaAMWz16dCK5SKhsMYgwcN/qKreEKxzwMw+3XntKnpxzvkd4g+eIh9Sky4Tmw==", "comment"=>{"post_id"=>"1", "body"=>"Great idea!"}, "commit"=>"Create Comment"}
  [1m[35m (0.1ms)[0m  [1m[36mbegin transaction[0m
  ↳ app/controllers/comments_controller.rb:30:in `block in create'
  [1m[36mPost Load (0.1ms)[0m  [1m[34mSELECT "posts".* FROM "posts" WHERE "posts"."id" = ? LIMIT ?[0m  [["id", 1], ["LIMIT", 1]]
  ↳ app/controllers/comments_controller.rb:30:in `block in create'
  [1m[36mComment Create (0.3ms)[0m  [1m[32mINSERT INTO "comments" ("post_id", "body", "created_at", "updated_at") VALUES (?, ?, ?, ?)[0m  [["post_id", 1], ["body", "Great idea!"], ["created_at", "2020-10-10 07:04:28.185521"], ["updated_at", "2020-10-10 07:04:28.185521"]]
  ↳ app/controllers/comments_controller.rb:30:in `block in create'
  [1m[35m (0.7ms)[0m  [1m[36mcommit transaction[0m
  ↳ app/controllers/comments_controller.rb:30:in `block in create'
Redirected to http://localhost:3000/comments/1
Completed 302 Found in 22ms (ActiveRecord: 1.2ms | Allocations: 9144)


Started GET "/comments/1" for ::1 at 2020-10-10 12:34:28 +0530
Processing by CommentsController#show as HTML
  Parameters: {"id"=>"1"}
  [1m[36mComment Load (0.1ms)[0m  [1m[34mSELECT "comments".* FROM "comments" WHERE "comments"."id" = ? LIMIT ?[0m  [["id", 1], ["LIMIT", 1]]
  ↳ app/controllers/comments_controller.rb:67:in `set_comment'
  Rendering comments/show.html.erb within layouts/application
  Rendered comments/show.html.erb within layouts/application (Duration: 0.5ms | Allocations: 248)
[Webpacker] Everything's up-to-date. Nothing to do
Completed 200 OK in 7ms (Views: 5.4ms | ActiveRecord: 0.1ms | Allocations: 4959)


Started GET "/comments" for ::1 at 2020-10-10 12:34:29 +0530
Processing by CommentsController#index as HTML
  Rendering comments/index.html.erb within layouts/application
  [1m[36mComment Load (0.1ms)[0m  [1m[34mSELECT "comments".* FROM "comments"[0m
  ↳ app/views/comments/index.html.erb:15
  Rendered comments/index.html.erb within layouts/application (Duration: 1.2ms | Allocations: 771)
[Webpacker] Everything's up-to-date. Nothing to do
Completed 200 OK in 7ms (Views: 6.7ms | ActiveRecord: 0.1ms | Allocations: 4681)


Started GET "/comments/new" for ::1 at 2020-10-10 12:34:31 +0530
Processing by CommentsController#new as HTML
  Rendering comments/new.html.erb within layouts/application
  Rendered comments/_form.html.erb (Duration: 1.4ms | Allocations: 687)
  Rendered comments/new.html.erb within layouts/application (Duration: 1.6ms | Allocations: 769)
[Webpacker] Everything's up-to-date. Nothing to do
Completed 200 OK in 8ms (Views: 7.6ms | ActiveRecord: 0.0ms | Allocations: 4681)


Started POST "/comments" for ::1 at 2020-10-10 12:34:44 +0530
Processing by CommentsController#create as HTML
  Parameters: {"authenticity_token"=>"xRXRps0zNEUtoLP4dzcC0OW+4GBFk8iGs+EjGo83qtVvIZgQVJqdQB0DMVb/6myMMdUFWDy/RnzEE7atPrgJiA==", "comment"=>{"post_id"=>"1", "body"=>"Are they secure ?"}, "commit"=>"Create Comment"}
  [1m[35m (0.1ms)[0m  [1m[36mbegin transaction[0m
  ↳ app/controllers/comments_controller.rb:30:in `block in create'
  [1m[36mPost Load (0.1ms)[0m  [1m[34mSELECT "posts".* FROM "posts" WHERE "posts"."id" = ? LIMIT ?[0m  [["id", 1], ["LIMIT", 1]]
  ↳ app/controllers/comments_controller.rb:30:in `block in create'
  [1m[36mComment Create (0.3ms)[0m  [1m[32mINSERT INTO "comments" ("post_id", "body", "created_at", "updated_at") VALUES (?, ?, ?, ?)[0m  [["post_id", 1], ["body", "Are they secure ?"], ["created_at", "2020-10-10 07:04:44.177719"], ["updated_at", "2020-10-10 07:04:44.177719"]]
  ↳ app/controllers/comments_controller.rb:30:in `block in create'
  [1m[35m (0.8ms)[0m  [1m[36mcommit transaction[0m
  ↳ app/controllers/comments_controller.rb:30:in `block in create'
Redirected to http://localhost:3000/comments/2
Completed 302 Found in 6ms (ActiveRecord: 1.3ms | Allocations: 3926)


Started GET "/comments/2" for ::1 at 2020-10-10 12:34:44 +0530
Processing by CommentsController#show as HTML
  Parameters: {"id"=>"2"}
  [1m[36mComment Load (0.1ms)[0m  [1m[34mSELECT "comments".* FROM "comments" WHERE "comments"."id" = ? LIMIT ?[0m  [["id", 2], ["LIMIT", 1]]
  ↳ app/controllers/comments_controller.rb:67:in `set_comment'
  Rendering comments/show.html.erb within layouts/application
  Rendered comments/show.html.erb within layouts/application (Duration: 0.2ms | Allocations: 82)
[Webpacker] Everything's up-to-date. Nothing to do
Completed 200 OK in 6ms (Views: 5.0ms | ActiveRecord: 0.1ms | Allocations: 4552)


Started GET "/comments" for ::1 at 2020-10-10 12:34:45 +0530
Processing by CommentsController#index as HTML
  Rendering comments/index.html.erb within layouts/application
  [1m[36mComment Load (0.1ms)[0m  [1m[34mSELECT "comments".* FROM "comments"[0m
  ↳ app/views/comments/index.html.erb:15
  Rendered comments/index.html.erb within layouts/application (Duration: 1.2ms | Allocations: 885)
[Webpacker] Everything's up-to-date. Nothing to do
Completed 200 OK in 7ms (Views: 6.0ms | ActiveRecord: 0.1ms | Allocations: 4802)


Started GET "/comments/new" for ::1 at 2020-10-10 12:34:46 +0530
Processing by CommentsController#new as HTML
  Rendering comments/new.html.erb within layouts/application
  Rendered comments/_form.html.erb (Duration: 1.1ms | Allocations: 685)
  Rendered comments/new.html.erb within layouts/application (Duration: 1.3ms | Allocations: 767)
[Webpacker] Everything's up-to-date. Nothing to do
Completed 200 OK in 7ms (Views: 6.2ms | ActiveRecord: 0.0ms | Allocations: 4677)


Started POST "/comments" for ::1 at 2020-10-10 12:35:17 +0530
Processing by CommentsController#create as HTML
  Parameters: {"authenticity_token"=>"RgSO59UtrDA/VC4np/lVSSW1PAvDQB4p6XHZCA//TvjsMMdRTIQFNQ/3rIkvJDsV8d7ZM7pskNOeg0y/vnDtpQ==", "comment"=>{"post_id"=>"2", "body"=>"I like Java"}, "commit"=>"Create Comment"}
  [1m[35m (0.0ms)[0m  [1m[36mbegin transaction[0m
  ↳ app/controllers/comments_controller.rb:30:in `block in create'
  [1m[36mPost Load (0.1ms)[0m  [1m[34mSELECT "posts".* FROM "posts" WHERE "posts"."id" = ? LIMIT ?[0m  [["id", 2], ["LIMIT", 1]]
  ↳ app/controllers/comments_controller.rb:30:in `block in create'
  [1m[36mComment Create (0.3ms)[0m  [1m[32mINSERT INTO "comments" ("post_id", "body", "created_at", "updated_at") VALUES (?, ?, ?, ?)[0m  [["post_id", 2], ["body", "I like Java"], ["created_at", "2020-10-10 07:05:17.034912"], ["updated_at", "2020-10-10 07:05:17.034912"]]
  ↳ app/controllers/comments_controller.rb:30:in `block in create'
  [1m[35m (0.7ms)[0m  [1m[36mcommit transaction[0m
  ↳ app/controllers/comments_controller.rb:30:in `block in create'
Redirected to http://localhost:3000/comments/3
Completed 302 Found in 5ms (ActiveRecord: 1.1ms | Allocations: 3908)


Started GET "/comments/3" for ::1 at 2020-10-10 12:35:17 +0530
Processing by CommentsController#show as HTML
  Parameters: {"id"=>"3"}
  [1m[36mComment Load (0.1ms)[0m  [1m[34mSELECT "comments".* FROM "comments" WHERE "comments"."id" = ? LIMIT ?[0m  [["id", 3], ["LIMIT", 1]]
  ↳ app/controllers/comments_controller.rb:67:in `set_comment'
  Rendering comments/show.html.erb within layouts/application
  Rendered comments/show.html.erb within layouts/application (Duration: 0.2ms | Allocations: 82)
[Webpacker] Everything's up-to-date. Nothing to do
Completed 200 OK in 6ms (Views: 4.9ms | ActiveRecord: 0.1ms | Allocations: 4540)


Started GET "/comments" for ::1 at 2020-10-10 12:35:18 +0530
Processing by CommentsController#index as HTML
  Rendering comments/index.html.erb within layouts/application
  [1m[36mComment Load (0.1ms)[0m  [1m[34mSELECT "comments".* FROM "comments"[0m
  ↳ app/views/comments/index.html.erb:15
  Rendered comments/index.html.erb within layouts/application (Duration: 1.4ms | Allocations: 1010)
[Webpacker] Everything's up-to-date. Nothing to do
Completed 200 OK in 8ms (Views: 7.0ms | ActiveRecord: 0.1ms | Allocations: 4927)


Started GET "/comments/new" for ::1 at 2020-10-10 12:35:19 +0530
Processing by CommentsController#new as HTML
  Rendering comments/new.html.erb within layouts/application
  Rendered comments/_form.html.erb (Duration: 1.3ms | Allocations: 685)
  Rendered comments/new.html.erb within layouts/application (Duration: 1.5ms | Allocations: 767)
[Webpacker] Everything's up-to-date. Nothing to do
Completed 200 OK in 8ms (Views: 6.8ms | ActiveRecord: 0.0ms | Allocations: 4677)


Started POST "/comments" for ::1 at 2020-10-10 12:35:53 +0530
Processing by CommentsController#create as HTML
  Parameters: {"authenticity_token"=>"5gJLZNm6RNwJpeIKc7zHsS+Vo9xd50+BX7jxucMQYd5MNgLSQBPt2TkGYKT7Yant+/5G5CTLwXsoSmQOcp/Cgw==", "comment"=>{"post_id"=>"2", "body"=>"LOL, OMG, IDK"}, "commit"=>"Create Comment"}
  [1m[35m (0.1ms)[0m  [1m[36mbegin transaction[0m
  ↳ app/controllers/comments_controller.rb:30:in `block in create'
  [1m[36mPost Load (0.1ms)[0m  [1m[34mSELECT "posts".* FROM "posts" WHERE "posts"."id" = ? LIMIT ?[0m  [["id", 2], ["LIMIT", 1]]
  ↳ app/controllers/comments_controller.rb:30:in `block in create'
  [1m[36mComment Create (0.3ms)[0m  [1m[32mINSERT INTO "comments" ("post_id", "body", "created_at", "updated_at") VALUES (?, ?, ?, ?)[0m  [["post_id", 2], ["body", "LOL, OMG, IDK"], ["created_at", "2020-10-10 07:05:53.399886"], ["updated_at", "2020-10-10 07:05:53.399886"]]
  ↳ app/controllers/comments_controller.rb:30:in `block in create'
  [1m[35m (0.8ms)[0m  [1m[36mcommit transaction[0m
  ↳ app/controllers/comments_controller.rb:30:in `block in create'
Redirected to http://localhost:3000/comments/4
Completed 302 Found in 6ms (ActiveRecord: 1.3ms | Allocations: 3915)


Started GET "/comments/4" for ::1 at 2020-10-10 12:35:53 +0530
Processing by CommentsController#show as HTML
  Parameters: {"id"=>"4"}
  [1m[36mComment Load (0.1ms)[0m  [1m[34mSELECT "comments".* FROM "comments" WHERE "comments"."id" = ? LIMIT ?[0m  [["id", 4], ["LIMIT", 1]]
  ↳ app/controllers/comments_controller.rb:67:in `set_comment'
  Rendering comments/show.html.erb within layouts/application
  Rendered comments/show.html.erb within layouts/application (Duration: 0.2ms | Allocations: 82)
[Webpacker] Everything's up-to-date. Nothing to do
Completed 200 OK in 7ms (Views: 5.4ms | ActiveRecord: 0.1ms | Allocations: 4538)


Started GET "/comments" for ::1 at 2020-10-10 12:35:55 +0530
Processing by CommentsController#index as HTML
  Rendering comments/index.html.erb within layouts/application
  [1m[36mComment Load (0.1ms)[0m  [1m[34mSELECT "comments".* FROM "comments"[0m
  ↳ app/views/comments/index.html.erb:15
  Rendered comments/index.html.erb within layouts/application (Duration: 1.5ms | Allocations: 1136)
[Webpacker] Everything's up-to-date. Nothing to do
Completed 200 OK in 10ms (Views: 7.4ms | ActiveRecord: 0.1ms | Allocations: 5056)


  [1m[35m (0.5ms)[0m  [1m[34mSELECT sqlite_version(*)[0m
  [1m[36mPost Load (0.1ms)[0m  [1m[34mSELECT "posts".* FROM "posts"[0m
  [1m[35m (0.1ms)[0m  [1m[36mbegin transaction[0m
  [1m[36mPost Create (0.5ms)[0m  [1m[32mINSERT INTO "posts" ("title", "body", "created_at", "updated_at") VALUES (?, ?, ?, ?)[0m  [["title", "Widget Preview"], ["body", "We'll be unveiling our latest widgets at the International Widget Conference"], ["created_at", "2020-10-10 07:12:31.490540"], ["updated_at", "2020-10-10 07:12:31.490540"]]
  [1m[35m (17.1ms)[0m  [1m[36mcommit transaction[0m
  [1m[35m (0.3ms)[0m  [1m[34mSELECT sqlite_version(*)[0m
  [1m[35m (0.1ms)[0m  [1m[34mSELECT "schema_migrations"."version" FROM "schema_migrations" ORDER BY "schema_migrations"."version" ASC[0m
Migrating to ChangeTitleToTitleInPosts (20201010072650)
  [1m[35m (0.0ms)[0m  [1m[36mbegin transaction[0m
  [1m[35m (0.0ms)[0m  [1m[35mPRAGMA foreign_keys[0m
  [1m[35m (0.0ms)[0m  [1m[35mPRAGMA defer_foreign_keys[0m
  [1m[35m (0.0ms)[0m  [1m[35mPRAGMA defer_foreign_keys = ON[0m
  [1m[35m (0.0ms)[0m  [1m[35mPRAGMA foreign_keys = OFF[0m
  [1m[35m (0.1ms)[0m  [1m[35mCREATE TEMPORARY TABLE "aPosts" ("id" integer NOT NULL PRIMARY KEY, "title" varchar DEFAULT NULL, "body" text DEFAULT NULL, "created_at" datetime(6) NOT NULL, "updated_at" datetime(6) NOT NULL)[0m
  [1m[35m (0.1ms)[0m  [1m[32mINSERT INTO "aPosts" ("id","title","body","created_at","updated_at")
                     SELECT "id","title","body","created_at","updated_at" FROM "Posts"[0m
  [1m[35m (0.3ms)[0m  [1m[35mDROP TABLE "Posts"[0m
  [1m[35m (0.1ms)[0m  [1m[35mCREATE TABLE "Posts" ("id" integer NOT NULL PRIMARY KEY, "title" varchar DEFAULT NULL, "body" text DEFAULT NULL, "created_at" datetime(6) NOT NULL, "updated_at" datetime(6) NOT NULL)[0m
  [1m[35m (0.1ms)[0m  [1m[32mINSERT INTO "Posts" ("id","title","body","created_at","updated_at")
                     SELECT "id","title","body","created_at","updated_at" FROM "aPosts"[0m
  [1m[35m (0.2ms)[0m  [1m[35mDROP TABLE "aPosts"[0m
  [1m[35m (0.0ms)[0m  [1m[35mPRAGMA defer_foreign_keys = 0[0m
  [1m[35m (0.0ms)[0m  [1m[35mPRAGMA foreign_keys = 1[0m
  [1m[36mprimary::SchemaMigration Create (0.2ms)[0m  [1m[32mINSERT INTO "schema_migrations" ("version") VALUES (?)[0m  [["version", "20201010072650"]]
  [1m[35m (0.7ms)[0m  [1m[36mcommit transaction[0m
  [1m[36mActiveRecord::InternalMetadata Load (0.1ms)[0m  [1m[34mSELECT "ar_internal_metadata".* FROM "ar_internal_metadata" WHERE "ar_internal_metadata"."key" = ? LIMIT ?[0m  [["key", "environment"], ["LIMIT", 1]]
  [1m[35m (0.0ms)[0m  [1m[34mSELECT sqlite_version(*)[0m
  [1m[35m (0.1ms)[0m  [1m[34mSELECT "schema_migrations"."version" FROM "schema_migrations" ORDER BY "schema_migrations"."version" ASC[0m
  [1m[35m (0.0ms)[0m  [1m[34mSELECT sqlite_version(*)[0m
  [1m[35m (0.1ms)[0m  [1m[34mSELECT "schema_migrations"."version" FROM "schema_migrations" ORDER BY "schema_migrations"."version" ASC[0m
Started GET "/comments" for ::1 at 2020-10-10 13:01:08 +0530
  [1m[35m (0.3ms)[0m  [1m[34mSELECT sqlite_version(*)[0m
  [1m[35m (0.1ms)[0m  [1m[34mSELECT "schema_migrations"."version" FROM "schema_migrations" ORDER BY "schema_migrations"."version" ASC[0m
Processing by CommentsController#index as HTML
  Rendering comments/index.html.erb within layouts/application
  [1m[36mComment Load (0.2ms)[0m  [1m[34mSELECT "comments".* FROM "comments"[0m
  ↳ app/views/comments/index.html.erb:15
  Rendered comments/index.html.erb within layouts/application (Duration: 7.0ms | Allocations: 4860)
[Webpacker] Everything's up-to-date. Nothing to do
Completed 200 OK in 27ms (Views: 20.2ms | ActiveRecord: 0.6ms | Allocations: 14343)


Started GET "/" for ::1 at 2020-10-10 13:01:10 +0530
Processing by Rails::WelcomeController#index as HTML
  Rendering /Users/mdsaqlain/.rvm/gems/ruby-2.7.0/gems/railties-6.0.3.4/lib/rails/templates/rails/welcome/index.html.erb
  Rendered /Users/mdsaqlain/.rvm/gems/ruby-2.7.0/gems/railties-6.0.3.4/lib/rails/templates/rails/welcome/index.html.erb (Duration: 5.7ms | Allocations: 183)
Completed 200 OK in 7ms (Views: 6.3ms | ActiveRecord: 0.0ms | Allocations: 944)


Started GET "/posts" for ::1 at 2020-10-10 13:01:10 +0530
Processing by PostsController#index as HTML
  Rendering posts/index.html.erb within layouts/application
  [1m[36mPost Load (0.2ms)[0m  [1m[34mSELECT "posts".* FROM "posts"[0m
  ↳ app/views/posts/index.html.erb:15
  Rendered posts/index.html.erb within layouts/application (Duration: 3.5ms | Allocations: 2123)
[Webpacker] Everything's up-to-date. Nothing to do
Completed 200 OK in 17ms (Views: 14.4ms | ActiveRecord: 0.6ms | Allocations: 8018)


  [1m[35m (0.4ms)[0m  [1m[34mSELECT sqlite_version(*)[0m
  [1m[35m (0.1ms)[0m  [1m[34mSELECT "schema_migrations"."version" FROM "schema_migrations" ORDER BY "schema_migrations"."version" ASC[0m
Migrating to CreateUsers (20201010073248)
  [1m[35m (0.0ms)[0m  [1m[36mbegin transaction[0m
  [1m[35m (0.3ms)[0m  [1m[35mCREATE TABLE "users" ("id" integer PRIMARY KEY AUTOINCREMENT NOT NULL, "first_name" varchar, "last_name" varchar, "created_at" datetime(6) NOT NULL, "updated_at" datetime(6) NOT NULL)[0m
  [1m[36mprimary::SchemaMigration Create (0.1ms)[0m  [1m[32mINSERT INTO "schema_migrations" ("version") VALUES (?)[0m  [["version", "20201010073248"]]
  [1m[35m (0.8ms)[0m  [1m[36mcommit transaction[0m
Migrating to AddUseridToPosts (20201010073522)
  [1m[35m (0.0ms)[0m  [1m[36mbegin transaction[0m
  [1m[35m (0.0ms)[0m  [1m[35mPRAGMA foreign_keys[0m
  [1m[35m (0.0ms)[0m  [1m[35mPRAGMA defer_foreign_keys[0m
  [1m[35m (0.0ms)[0m  [1m[35mPRAGMA defer_foreign_keys = ON[0m
  [1m[35m (0.0ms)[0m  [1m[35mPRAGMA foreign_keys = OFF[0m
  [1m[35m (0.1ms)[0m  [1m[35mCREATE TEMPORARY TABLE "aposts" ("id" integer NOT NULL PRIMARY KEY, "title" varchar DEFAULT NULL, "body" text DEFAULT NULL, "created_at" datetime(6) NOT NULL, "updated_at" datetime(6) NOT NULL)[0m
  [1m[35m (0.1ms)[0m  [1m[32mINSERT INTO "aposts" ("id","title","body","created_at","updated_at")
                     SELECT "id","title","body","created_at","updated_at" FROM "posts"[0m
  [1m[35m (0.3ms)[0m  [1m[35mDROP TABLE "posts"[0m
  [1m[35m (0.1ms)[0m  [1m[35mCREATE TABLE "posts" ("id" integer NOT NULL PRIMARY KEY, "title" varchar DEFAULT NULL, "body" text DEFAULT NULL, "created_at" datetime(6) NOT NULL, "updated_at" datetime(6) NOT NULL, "user_id" integer NOT NULL)[0m
  [1m[35m (0.3ms)[0m  [1m[32mINSERT INTO "posts" ("id","title","body","created_at","updated_at")
                     SELECT "id","title","body","created_at","updated_at" FROM "aposts"[0m
  [1m[35m (0.0ms)[0m  [1m[35mPRAGMA defer_foreign_keys = 0[0m
  [1m[35m (0.0ms)[0m  [1m[35mPRAGMA foreign_keys = 1[0m
  [1m[35m (0.3ms)[0m  [1m[31mrollback transaction[0m
  [1m[35m (0.3ms)[0m  [1m[34mSELECT sqlite_version(*)[0m
  [1m[35m (0.1ms)[0m  [1m[34mSELECT "schema_migrations"."version" FROM "schema_migrations" ORDER BY "schema_migrations"."version" ASC[0m
Migrating to AddUseridToPosts (20201010073522)
  [1m[35m (0.0ms)[0m  [1m[36mbegin transaction[0m
  [1m[35m (0.0ms)[0m  [1m[35mPRAGMA foreign_keys[0m
  [1m[35m (0.0ms)[0m  [1m[35mPRAGMA defer_foreign_keys[0m
  [1m[35m (0.0ms)[0m  [1m[35mPRAGMA defer_foreign_keys = ON[0m
  [1m[35m (0.0ms)[0m  [1m[35mPRAGMA foreign_keys = OFF[0m
  [1m[35m (0.1ms)[0m  [1m[35mCREATE TEMPORARY TABLE "aposts" ("id" integer NOT NULL PRIMARY KEY, "title" varchar DEFAULT NULL, "body" text DEFAULT NULL, "created_at" datetime(6) NOT NULL, "updated_at" datetime(6) NOT NULL)[0m
  [1m[35m (0.1ms)[0m  [1m[32mINSERT INTO "aposts" ("id","title","body","created_at","updated_at")
                     SELECT "id","title","body","created_at","updated_at" FROM "posts"[0m
  [1m[35m (0.2ms)[0m  [1m[35mDROP TABLE "posts"[0m
  [1m[35m (0.1ms)[0m  [1m[35mCREATE TABLE "posts" ("id" integer NOT NULL PRIMARY KEY, "title" varchar DEFAULT NULL, "body" text DEFAULT NULL, "created_at" datetime(6) NOT NULL, "updated_at" datetime(6) NOT NULL, "user_id" integer NOT NULL)[0m
  [1m[35m (0.3ms)[0m  [1m[32mINSERT INTO "posts" ("id","title","body","created_at","updated_at")
                     SELECT "id","title","body","created_at","updated_at" FROM "aposts"[0m
  [1m[35m (0.0ms)[0m  [1m[35mPRAGMA defer_foreign_keys = 0[0m
  [1m[35m (0.0ms)[0m  [1m[35mPRAGMA foreign_keys = 1[0m
  [1m[35m (0.2ms)[0m  [1m[31mrollback transaction[0m
  [1m[35m (0.3ms)[0m  [1m[34mSELECT sqlite_version(*)[0m
  [1m[35m (0.1ms)[0m  [1m[34mSELECT "schema_migrations"."version" FROM "schema_migrations" ORDER BY "schema_migrations"."version" ASC[0m
Migrating to AddUseridToPosts (20201010074407)
  [1m[35m (0.0ms)[0m  [1m[36mbegin transaction[0m
  [1m[35m (0.4ms)[0m  [1m[35mALTER TABLE "Posts" ADD "user_id" integer[0m
  [1m[35m (0.1ms)[0m  [1m[35mCREATE  INDEX "index_Posts_on_user_id" ON "Posts" ("user_id")[0m
  [1m[35m (0.0ms)[0m  [1m[35mPRAGMA foreign_keys[0m
  [1m[35m (0.0ms)[0m  [1m[35mPRAGMA defer_foreign_keys[0m
  [1m[35m (0.0ms)[0m  [1m[35mPRAGMA defer_foreign_keys = ON[0m
  [1m[35m (0.0ms)[0m  [1m[35mPRAGMA foreign_keys = OFF[0m
  [1m[35m (0.1ms)[0m  [1m[35mCREATE TEMPORARY TABLE "aPosts" ("id" integer NOT NULL PRIMARY KEY, "title" varchar DEFAULT NULL, "body" text DEFAULT NULL, "created_at" datetime(6) NOT NULL, "updated_at" datetime(6) NOT NULL, "user_id" integer DEFAULT NULL)[0m
  [1m[35m (0.1ms)[0m  [1m[35mCREATE  INDEX "tindex_aPosts_on_user_id" ON "aPosts" ("user_id")[0m
  [1m[35m (0.1ms)[0m  [1m[32mINSERT INTO "aPosts" ("id","title","body","created_at","updated_at","user_id")
                     SELECT "id","title","body","created_at","updated_at","user_id" FROM "Posts"[0m
  [1m[35m (0.1ms)[0m  [1m[35mDROP TABLE "Posts"[0m
  [1m[35m (0.1ms)[0m  [1m[35mCREATE TABLE "Posts" ("id" integer NOT NULL PRIMARY KEY, "title" varchar DEFAULT NULL, "body" text DEFAULT NULL, "created_at" datetime(6) NOT NULL, "updated_at" datetime(6) NOT NULL, "user_id" integer DEFAULT NULL, CONSTRAINT "fk_rails_9a611e0583"
FOREIGN KEY ("user_id")
  REFERENCES "users" ("id")
)[0m
  [1m[35m (0.1ms)[0m  [1m[35mCREATE  INDEX "index_Posts_on_user_id" ON "Posts" ("user_id")[0m
  [1m[35m (0.1ms)[0m  [1m[32mINSERT INTO "Posts" ("id","title","body","created_at","updated_at","user_id")
                     SELECT "id","title","body","created_at","updated_at","user_id" FROM "aPosts"[0m
  [1m[35m (0.1ms)[0m  [1m[35mDROP TABLE "aPosts"[0m
  [1m[35m (0.0ms)[0m  [1m[35mPRAGMA defer_foreign_keys = 0[0m
  [1m[35m (0.0ms)[0m  [1m[35mPRAGMA foreign_keys = 1[0m
  [1m[36mprimary::SchemaMigration Create (0.1ms)[0m  [1m[32mINSERT INTO "schema_migrations" ("version") VALUES (?)[0m  [["version", "20201010074407"]]
  [1m[35m (0.8ms)[0m  [1m[36mcommit transaction[0m
Migrating to AddUseridToComments (20201010074424)
  [1m[35m (0.0ms)[0m  [1m[36mbegin transaction[0m
  [1m[35m (0.3ms)[0m  [1m[35mALTER TABLE "comments" ADD "user_id" integer[0m
  [1m[35m (0.1ms)[0m  [1m[35mCREATE  INDEX "index_comments_on_user_id" ON "comments" ("user_id")[0m
  [1m[35m (0.0ms)[0m  [1m[35mPRAGMA foreign_keys[0m
  [1m[35m (0.0ms)[0m  [1m[35mPRAGMA defer_foreign_keys[0m
  [1m[35m (0.0ms)[0m  [1m[35mPRAGMA defer_foreign_keys = ON[0m
  [1m[35m (0.0ms)[0m  [1m[35mPRAGMA foreign_keys = OFF[0m
  [1m[35m (0.1ms)[0m  [1m[35mCREATE TEMPORARY TABLE "acomments" ("id" integer NOT NULL PRIMARY KEY, "post_id" integer NOT NULL, "body" text DEFAULT NULL, "created_at" datetime(6) NOT NULL, "updated_at" datetime(6) NOT NULL, "user_id" integer DEFAULT NULL)[0m
  [1m[35m (0.1ms)[0m  [1m[35mCREATE  INDEX "tindex_acomments_on_user_id" ON "acomments" ("user_id")[0m
  [1m[35m (0.1ms)[0m  [1m[35mCREATE  INDEX "tindex_acomments_on_post_id" ON "acomments" ("post_id")[0m
  [1m[35m (0.1ms)[0m  [1m[32mINSERT INTO "acomments" ("id","post_id","body","created_at","updated_at","user_id")
                     SELECT "id","post_id","body","created_at","updated_at","user_id" FROM "comments"[0m
  [1m[35m (0.1ms)[0m  [1m[35mDROP TABLE "comments"[0m
  [1m[35m (0.1ms)[0m  [1m[35mCREATE TABLE "comments" ("id" integer NOT NULL PRIMARY KEY, "post_id" integer NOT NULL, "body" text DEFAULT NULL, "created_at" datetime(6) NOT NULL, "updated_at" datetime(6) NOT NULL, "user_id" integer DEFAULT NULL, CONSTRAINT "fk_rails_2fd19c0db7"
FOREIGN KEY ("post_id")
  REFERENCES "posts" ("id")
, CONSTRAINT "fk_rails_03de2dc08c"
FOREIGN KEY ("user_id")
  REFERENCES "users" ("id")
)[0m
  [1m[35m (0.1ms)[0m  [1m[35mCREATE  INDEX "index_comments_on_post_id" ON "comments" ("post_id")[0m
  [1m[35m (0.1ms)[0m  [1m[35mCREATE  INDEX "index_comments_on_user_id" ON "comments" ("user_id")[0m
  [1m[35m (0.1ms)[0m  [1m[32mINSERT INTO "comments" ("id","post_id","body","created_at","updated_at","user_id")
                     SELECT "id","post_id","body","created_at","updated_at","user_id" FROM "acomments"[0m
  [1m[35m (0.1ms)[0m  [1m[35mDROP TABLE "acomments"[0m
  [1m[35m (0.0ms)[0m  [1m[35mPRAGMA defer_foreign_keys = 0[0m
  [1m[35m (0.0ms)[0m  [1m[35mPRAGMA foreign_keys = 1[0m
  [1m[36mprimary::SchemaMigration Create (0.1ms)[0m  [1m[32mINSERT INTO "schema_migrations" ("version") VALUES (?)[0m  [["version", "20201010074424"]]
  [1m[35m (0.7ms)[0m  [1m[36mcommit transaction[0m
  [1m[36mActiveRecord::InternalMetadata Load (0.1ms)[0m  [1m[34mSELECT "ar_internal_metadata".* FROM "ar_internal_metadata" WHERE "ar_internal_metadata"."key" = ? LIMIT ?[0m  [["key", "environment"], ["LIMIT", 1]]
  [1m[35m (0.0ms)[0m  [1m[34mSELECT sqlite_version(*)[0m
  [1m[35m (0.1ms)[0m  [1m[34mSELECT "schema_migrations"."version" FROM "schema_migrations" ORDER BY "schema_migrations"."version" ASC[0m
  [1m[35m (0.0ms)[0m  [1m[34mSELECT sqlite_version(*)[0m
  [1m[35m (0.1ms)[0m  [1m[34mSELECT "schema_migrations"."version" FROM "schema_migrations" ORDER BY "schema_migrations"."version" ASC[0m
Started GET "/posts" for ::1 at 2020-10-10 13:17:52 +0530
  [1m[35m (0.3ms)[0m  [1m[34mSELECT sqlite_version(*)[0m
  [1m[35m (0.1ms)[0m  [1m[34mSELECT "schema_migrations"."version" FROM "schema_migrations" ORDER BY "schema_migrations"."version" ASC[0m
Processing by PostsController#index as HTML
  Rendering posts/index.html.erb within layouts/application
  [1m[36mPost Load (0.1ms)[0m  [1m[34mSELECT "posts".* FROM "posts"[0m
  ↳ app/views/posts/index.html.erb:15
  Rendered posts/index.html.erb within layouts/application (Duration: 3.2ms | Allocations: 2318)
[Webpacker] Everything's up-to-date. Nothing to do
Completed 200 OK in 54ms (Views: 48.6ms | ActiveRecord: 0.4ms | Allocations: 26923)


Started GET "/" for ::1 at 2020-10-10 13:17:52 +0530
Processing by Rails::WelcomeController#index as HTML
  Rendering /Users/mdsaqlain/.rvm/gems/ruby-2.7.0/gems/railties-6.0.3.4/lib/rails/templates/rails/welcome/index.html.erb
  Rendered /Users/mdsaqlain/.rvm/gems/ruby-2.7.0/gems/railties-6.0.3.4/lib/rails/templates/rails/welcome/index.html.erb (Duration: 6.2ms | Allocations: 186)
Completed 200 OK in 8ms (Views: 6.8ms | ActiveRecord: 0.0ms | Allocations: 945)


Started GET "/users" for ::1 at 2020-10-10 13:17:54 +0530
Processing by UsersController#index as HTML
  Rendering users/index.html.erb within layouts/application
  [1m[36mUser Load (0.2ms)[0m  [1m[34mSELECT "users".* FROM "users"[0m
  ↳ app/views/users/index.html.erb:15
  Rendered users/index.html.erb within layouts/application (Duration: 2.4ms | Allocations: 1455)
[Webpacker] Everything's up-to-date. Nothing to do
Completed 200 OK in 17ms (Views: 13.8ms | ActiveRecord: 0.5ms | Allocations: 8104)


Started GET "/users/new" for ::1 at 2020-10-10 13:17:56 +0530
Processing by UsersController#new as HTML
  Rendering users/new.html.erb within layouts/application
  Rendered users/_form.html.erb (Duration: 4.9ms | Allocations: 2571)
  Rendered users/new.html.erb within layouts/application (Duration: 6.0ms | Allocations: 2907)
[Webpacker] Everything's up-to-date. Nothing to do
Completed 200 OK in 18ms (Views: 12.4ms | ActiveRecord: 0.4ms | Allocations: 9674)


  [1m[35m (0.4ms)[0m  [1m[34mSELECT sqlite_version(*)[0m
  [1m[36mPost Load (0.1ms)[0m  [1m[34mSELECT "posts".* FROM "posts"[0m
  [1m[36mComment Load (0.2ms)[0m  [1m[34mSELECT "comments".* FROM "comments" WHERE "comments"."post_id" = ?[0m  [["post_id", 1]]
  [1m[36mComment Load (0.2ms)[0m  [1m[34mSELECT "comments".* FROM "comments" LIMIT ?[0m  [["LIMIT", 11]]
  [1m[35m (0.1ms)[0m  [1m[36mbegin transaction[0m
  [1m[36mPost Destroy (1.0ms)[0m  [1m[31mDELETE FROM "posts" WHERE "posts"."id" = ?[0m  [["id", 2]]
  [1m[35m (0.7ms)[0m  [1m[31mrollback transaction[0m
  [1m[35m (0.1ms)[0m  [1m[36mbegin transaction[0m
  [1m[36mPost Destroy (0.9ms)[0m  [1m[31mDELETE FROM "posts" WHERE "posts"."id" = ?[0m  [["id", 2]]
  [1m[35m (0.6ms)[0m  [1m[31mrollback transaction[0m
  [1m[36mPost Load (0.2ms)[0m  [1m[34mSELECT "posts".* FROM "posts" LIMIT ?[0m  [["LIMIT", 11]]
  [1m[36mPost Load (0.2ms)[0m  [1m[34mSELECT "posts".* FROM "posts" LIMIT ?[0m  [["LIMIT", 11]]
  [1m[36mPost Load (0.2ms)[0m  [1m[34mSELECT "posts".* FROM "posts" LIMIT ?[0m  [["LIMIT", 11]]
  [1m[36mPost Load (0.2ms)[0m  [1m[34mSELECT "posts".* FROM "posts"[0m
  [1m[35m (0.1ms)[0m  [1m[36mbegin transaction[0m
  [1m[36mPost Destroy (0.9ms)[0m  [1m[31mDELETE FROM "posts" WHERE "posts"."id" = ?[0m  [["id", 1]]
  [1m[35m (0.4ms)[0m  [1m[31mrollback transaction[0m
  [1m[35m (0.5ms)[0m  [1m[34mSELECT sqlite_version(*)[0m
  [1m[35m (0.4ms)[0m  [1m[34mSELECT sqlite_version(*)[0m
Started GET "/users/new" for ::1 at 2020-10-10 13:39:32 +0530
  [1m[35m (0.3ms)[0m  [1m[34mSELECT sqlite_version(*)[0m
  [1m[35m (0.1ms)[0m  [1m[34mSELECT "schema_migrations"."version" FROM "schema_migrations" ORDER BY "schema_migrations"."version" ASC[0m
Processing by UsersController#new as HTML
  Rendering users/new.html.erb within layouts/application
  Rendered users/_form.html.erb (Duration: 3.7ms | Allocations: 2822)
  Rendered users/new.html.erb within layouts/application (Duration: 5.0ms | Allocations: 3496)
[Webpacker] Everything's up-to-date. Nothing to do
Completed 200 OK in 30ms (Views: 18.8ms | ActiveRecord: 0.4ms | Allocations: 17428)


Started GET "/users" for ::1 at 2020-10-10 13:39:33 +0530
Processing by UsersController#index as HTML
  Rendering users/index.html.erb within layouts/application
  [1m[36mUser Load (0.2ms)[0m  [1m[34mSELECT "users".* FROM "users"[0m
  ↳ app/views/users/index.html.erb:15
  Rendered users/index.html.erb within layouts/application (Duration: 1.7ms | Allocations: 928)
[Webpacker] Everything's up-to-date. Nothing to do
Completed 200 OK in 8ms (Views: 6.7ms | ActiveRecord: 0.2ms | Allocations: 5062)


Started GET "/" for ::1 at 2020-10-10 13:39:33 +0530
Processing by Rails::WelcomeController#index as HTML
  Rendering /Users/mdsaqlain/.rvm/gems/ruby-2.7.0/gems/railties-6.0.3.4/lib/rails/templates/rails/welcome/index.html.erb
  Rendered /Users/mdsaqlain/.rvm/gems/ruby-2.7.0/gems/railties-6.0.3.4/lib/rails/templates/rails/welcome/index.html.erb (Duration: 6.0ms | Allocations: 186)
Completed 200 OK in 8ms (Views: 6.6ms | ActiveRecord: 0.0ms | Allocations: 949)


Started GET "/" for ::1 at 2020-10-10 13:40:03 +0530
Processing by Rails::WelcomeController#index as HTML
  Rendering /Users/mdsaqlain/.rvm/gems/ruby-2.7.0/gems/railties-6.0.3.4/lib/rails/templates/rails/welcome/index.html.erb
  Rendered /Users/mdsaqlain/.rvm/gems/ruby-2.7.0/gems/railties-6.0.3.4/lib/rails/templates/rails/welcome/index.html.erb (Duration: 5.4ms | Allocations: 462)
Completed 200 OK in 7ms (Views: 6.1ms | ActiveRecord: 0.0ms | Allocations: 1395)


Started GET "/comments" for ::1 at 2020-10-10 13:40:04 +0530
Processing by CommentsController#index as HTML
  Rendering comments/index.html.erb within layouts/application
  [1m[36mComment Load (0.2ms)[0m  [1m[34mSELECT "comments".* FROM "comments"[0m
  ↳ app/views/comments/index.html.erb:15
  Rendered comments/index.html.erb within layouts/application (Duration: 9.1ms | Allocations: 4816)
[Webpacker] Everything's up-to-date. Nothing to do
Completed 200 OK in 21ms (Views: 16.5ms | ActiveRecord: 0.7ms | Allocations: 10674)


Started GET "/comments/new" for ::1 at 2020-10-10 13:40:33 +0530
Processing by CommentsController#new as HTML
  Rendering comments/new.html.erb within layouts/application
  Rendered comments/_form.html.erb (Duration: 2.5ms | Allocations: 1148)
  Rendered comments/new.html.erb within layouts/application (Duration: 3.3ms | Allocations: 1477)
[Webpacker] Everything's up-to-date. Nothing to do
Completed 200 OK in 10ms (Views: 9.3ms | ActiveRecord: 0.0ms | Allocations: 5611)


Started POST "/comments" for ::1 at 2020-10-10 13:41:11 +0530
Processing by CommentsController#create as HTML
  Parameters: {"authenticity_token"=>"gFjaNpPy5q8b8dM3s6yx6V2It4/D3HldeEq/Kh4wqD0qbJOACltPqitSUZk7cd+1ieNSt7rw96cPuCqdr78LYA==", "comment"=>{"post_id"=>"", "body"=>"This is latest of validations"}, "commit"=>"Create Comment"}
  Rendering comments/new.html.erb within layouts/application
  Rendered comments/_form.html.erb (Duration: 1.8ms | Allocations: 1103)
  Rendered comments/new.html.erb within layouts/application (Duration: 2.0ms | Allocations: 1185)
[Webpacker] Everything's up-to-date. Nothing to do
Completed 200 OK in 13ms (Views: 7.3ms | ActiveRecord: 0.0ms | Allocations: 9178)


Started GET "/comments" for ::1 at 2020-10-10 13:43:55 +0530
  [1m[35m (0.3ms)[0m  [1m[34mSELECT sqlite_version(*)[0m
  [1m[35m (0.1ms)[0m  [1m[34mSELECT "schema_migrations"."version" FROM "schema_migrations" ORDER BY "schema_migrations"."version" ASC[0m
Processing by CommentsController#index as HTML
  Rendering comments/index.html.erb within layouts/application
  [1m[36mComment Load (0.2ms)[0m  [1m[34mSELECT "comments".* FROM "comments"[0m
  ↳ app/views/comments/index.html.erb:15
  Rendered comments/index.html.erb within layouts/application (Duration: 7.9ms | Allocations: 5362)
[Webpacker] Everything's up-to-date. Nothing to do
Completed 200 OK in 30ms (Views: 23.1ms | ActiveRecord: 0.6ms | Allocations: 16348)


Started GET "/" for ::1 at 2020-10-10 13:43:56 +0530
Processing by Rails::WelcomeController#index as HTML
  Rendering /Users/mdsaqlain/.rvm/gems/ruby-2.7.0/gems/railties-6.0.3.4/lib/rails/templates/rails/welcome/index.html.erb
  Rendered /Users/mdsaqlain/.rvm/gems/ruby-2.7.0/gems/railties-6.0.3.4/lib/rails/templates/rails/welcome/index.html.erb (Duration: 8.8ms | Allocations: 183)
Completed 200 OK in 11ms (Views: 9.7ms | ActiveRecord: 0.0ms | Allocations: 937)


Started GET "/posts" for ::1 at 2020-10-10 13:43:56 +0530
Processing by PostsController#index as HTML
  Rendering posts/index.html.erb within layouts/application
  [1m[36mPost Load (0.2ms)[0m  [1m[34mSELECT "posts".* FROM "posts"[0m
  ↳ app/views/posts/index.html.erb:15
  Rendered posts/index.html.erb within layouts/application (Duration: 3.9ms | Allocations: 1939)
[Webpacker] Everything's up-to-date. Nothing to do
Completed 200 OK in 29ms (Views: 25.4ms | ActiveRecord: 0.6ms | Allocations: 9572)


Started GET "/posts/new" for ::1 at 2020-10-10 13:44:01 +0530
Processing by PostsController#new as HTML
  Rendering posts/new.html.erb within layouts/application
  Rendered posts/_form.html.erb (Duration: 4.7ms | Allocations: 2683)
  Rendered posts/new.html.erb within layouts/application (Duration: 5.6ms | Allocations: 3021)
[Webpacker] Everything's up-to-date. Nothing to do
Completed 200 OK in 13ms (Views: 12.3ms | ActiveRecord: 0.0ms | Allocations: 7167)


Started POST "/posts" for ::1 at 2020-10-10 13:44:05 +0530
Processing by PostsController#create as HTML
  Parameters: {"authenticity_token"=>"5bRUvyf6bZSz5CW8Z6RuZkCEtTxQ559y5Y1S2yWugQShodln/Fc+C8oPEzNm8/b+uojPTgasWED33wHHjB+2ug==", "post"=>{"title"=>"", "body"=>"dqwd"}, "commit"=>"Create Post"}
  Rendering posts/new.html.erb within layouts/application
  Rendered posts/_form.html.erb (Duration: 1.5ms | Allocations: 952)
  Rendered posts/new.html.erb within layouts/application (Duration: 1.7ms | Allocations: 1035)
[Webpacker] Everything's up-to-date. Nothing to do
Completed 200 OK in 9ms (Views: 7.0ms | ActiveRecord: 0.0ms | Allocations: 6212)


Started GET "/posts" for ::1 at 2020-10-10 13:46:31 +0530
Processing by PostsController#index as HTML
  Rendering posts/index.html.erb within layouts/application
  [1m[36mPost Load (0.1ms)[0m  [1m[34mSELECT "posts".* FROM "posts"[0m
  ↳ app/views/posts/index.html.erb:15
  Rendered posts/index.html.erb within layouts/application (Duration: 1.2ms | Allocations: 1077)
[Webpacker] Everything's up-to-date. Nothing to do
Completed 200 OK in 6ms (Views: 5.2ms | ActiveRecord: 0.1ms | Allocations: 5063)


Started DELETE "/posts/1" for ::1 at 2020-10-10 13:46:37 +0530
Processing by PostsController#destroy as HTML
  Parameters: {"authenticity_token"=>"d71mT8zWYFrXaXir27EqnNc23lIwWwKcnNTtsbR2f6wheJyBKUQrK5Ba49O+eyyOWEB6dX6jp692XU7JLeOzMw==", "id"=>"1"}
  [1m[36mPost Load (0.2ms)[0m  [1m[34mSELECT "posts".* FROM "posts" WHERE "posts"."id" = ? LIMIT ?[0m  [["id", 1], ["LIMIT", 1]]
  ↳ app/controllers/posts_controller.rb:67:in `set_post'
  [1m[35m (0.1ms)[0m  [1m[36mbegin transaction[0m
  ↳ app/controllers/posts_controller.rb:57:in `destroy'
  [1m[36mComment Load (0.2ms)[0m  [1m[34mSELECT "comments".* FROM "comments" WHERE "comments"."post_id" = ?[0m  [["post_id", 1]]
  ↳ app/controllers/posts_controller.rb:57:in `destroy'
  [1m[36mComment Destroy (0.4ms)[0m  [1m[31mDELETE FROM "comments" WHERE "comments"."id" = ?[0m  [["id", 1]]
  ↳ app/controllers/posts_controller.rb:57:in `destroy'
  [1m[36mComment Destroy (0.1ms)[0m  [1m[31mDELETE FROM "comments" WHERE "comments"."id" = ?[0m  [["id", 2]]
  ↳ app/controllers/posts_controller.rb:57:in `destroy'
  [1m[36mPost Destroy (0.1ms)[0m  [1m[31mDELETE FROM "posts" WHERE "posts"."id" = ?[0m  [["id", 1]]
  ↳ app/controllers/posts_controller.rb:57:in `destroy'
  [1m[35m (0.9ms)[0m  [1m[36mcommit transaction[0m
  ↳ app/controllers/posts_controller.rb:57:in `destroy'
Redirected to http://localhost:3000/posts
Completed 302 Found in 19ms (ActiveRecord: 1.9ms | Allocations: 10923)


Started GET "/posts" for ::1 at 2020-10-10 13:46:37 +0530
Processing by PostsController#index as HTML
  Rendering posts/index.html.erb within layouts/application
  [1m[36mPost Load (0.1ms)[0m  [1m[34mSELECT "posts".* FROM "posts"[0m
  ↳ app/views/posts/index.html.erb:15
  Rendered posts/index.html.erb within layouts/application (Duration: 1.4ms | Allocations: 922)
[Webpacker] Everything's up-to-date. Nothing to do
Completed 200 OK in 7ms (Views: 6.7ms | ActiveRecord: 0.1ms | Allocations: 4901)


Started DELETE "/posts/2" for ::1 at 2020-10-10 13:48:48 +0530
Processing by PostsController#destroy as HTML
  Parameters: {"authenticity_token"=>"ttjt+tYEdVcrrfgzh9KoOBX/Yj6bHIb3sAfxuSxCSebgHRc0M5Y+JmyeY0viGK4qmonGGdXkI8RajlLBtdeFeQ==", "id"=>"2"}
  [1m[36mPost Load (0.1ms)[0m  [1m[34mSELECT "posts".* FROM "posts" WHERE "posts"."id" = ? LIMIT ?[0m  [["id", 2], ["LIMIT", 1]]
  ↳ app/controllers/posts_controller.rb:67:in `set_post'
  [1m[35m (0.0ms)[0m  [1m[36mbegin transaction[0m
  ↳ app/controllers/posts_controller.rb:57:in `destroy'
  [1m[36mComment Load (0.1ms)[0m  [1m[34mSELECT "comments".* FROM "comments" WHERE "comments"."post_id" = ?[0m  [["post_id", 2]]
  ↳ app/controllers/posts_controller.rb:57:in `destroy'
  [1m[36mComment Destroy (0.3ms)[0m  [1m[31mDELETE FROM "comments" WHERE "comments"."id" = ?[0m  [["id", 3]]
  ↳ app/controllers/posts_controller.rb:57:in `destroy'
  [1m[36mComment Destroy (0.1ms)[0m  [1m[31mDELETE FROM "comments" WHERE "comments"."id" = ?[0m  [["id", 4]]
  ↳ app/controllers/posts_controller.rb:57:in `destroy'
  [1m[36mPost Destroy (0.1ms)[0m  [1m[31mDELETE FROM "posts" WHERE "posts"."id" = ?[0m  [["id", 2]]
  ↳ app/controllers/posts_controller.rb:57:in `destroy'
  [1m[35m (0.8ms)[0m  [1m[36mcommit transaction[0m
  ↳ app/controllers/posts_controller.rb:57:in `destroy'
Redirected to http://localhost:3000/posts
Completed 302 Found in 8ms (ActiveRecord: 1.5ms | Allocations: 5724)


Started GET "/posts" for ::1 at 2020-10-10 13:48:48 +0530
Processing by PostsController#index as HTML
  Rendering posts/index.html.erb within layouts/application
  [1m[36mPost Load (0.1ms)[0m  [1m[34mSELECT "posts".* FROM "posts"[0m
  ↳ app/views/posts/index.html.erb:15
  Rendered posts/index.html.erb within layouts/application (Duration: 1.3ms | Allocations: 780)
[Webpacker] Everything's up-to-date. Nothing to do
Completed 200 OK in 7ms (Views: 6.6ms | ActiveRecord: 0.1ms | Allocations: 4773)


Started GET "/posts" for ::1 at 2020-10-10 13:48:51 +0530
Processing by PostsController#index as HTML
  Rendering posts/index.html.erb within layouts/application
  [1m[36mPost Load (0.1ms)[0m  [1m[34mSELECT "posts".* FROM "posts"[0m
  ↳ app/views/posts/index.html.erb:15
  Rendered posts/index.html.erb within layouts/application (Duration: 1.2ms | Allocations: 778)
[Webpacker] Everything's up-to-date. Nothing to do
Completed 200 OK in 7ms (Views: 6.8ms | ActiveRecord: 0.1ms | Allocations: 4736)


Started GET "/" for ::1 at 2020-10-10 13:48:53 +0530
Processing by Rails::WelcomeController#index as HTML
  Rendering /Users/mdsaqlain/.rvm/gems/ruby-2.7.0/gems/railties-6.0.3.4/lib/rails/templates/rails/welcome/index.html.erb
  Rendered /Users/mdsaqlain/.rvm/gems/ruby-2.7.0/gems/railties-6.0.3.4/lib/rails/templates/rails/welcome/index.html.erb (Duration: 5.4ms | Allocations: 179)
Completed 200 OK in 7ms (Views: 6.1ms | ActiveRecord: 0.0ms | Allocations: 868)


Started GET "/comments" for ::1 at 2020-10-10 13:48:53 +0530
Processing by CommentsController#index as HTML
  Rendering comments/index.html.erb within layouts/application
  [1m[36mComment Load (0.1ms)[0m  [1m[34mSELECT "comments".* FROM "comments"[0m
  ↳ app/views/comments/index.html.erb:15
  Rendered comments/index.html.erb within layouts/application (Duration: 1.4ms | Allocations: 891)
[Webpacker] Everything's up-to-date. Nothing to do
Completed 200 OK in 8ms (Views: 7.0ms | ActiveRecord: 0.1ms | Allocations: 5445)


Started GET "/comments/new" for ::1 at 2020-10-10 13:48:59 +0530
Processing by CommentsController#new as HTML
  Rendering comments/new.html.erb within layouts/application
  Rendered comments/_form.html.erb (Duration: 1.7ms | Allocations: 1067)
  Rendered comments/new.html.erb within layouts/application (Duration: 2.5ms | Allocations: 1390)
[Webpacker] Everything's up-to-date. Nothing to do
Completed 200 OK in 8ms (Views: 7.6ms | ActiveRecord: 0.0ms | Allocations: 5500)


Started POST "/comments" for ::1 at 2020-10-10 13:49:23 +0530
Processing by CommentsController#create as HTML
  Parameters: {"authenticity_token"=>"8Nezd2XShRj/dur1CUY6lajD59QoVYtDgeYwIo19ZOxa4/rB/HssHc/VaFuBm1TJfKgC7FF5Bbn2FKWVPPLHsQ==", "comment"=>{"post_id"=>"2", "body"=>"I like java"}, "commit"=>"Create Comment"}
  [1m[35m (0.1ms)[0m  [1m[36mbegin transaction[0m
  ↳ app/controllers/comments_controller.rb:30:in `block in create'
  [1m[36mPost Load (0.1ms)[0m  [1m[34mSELECT "posts".* FROM "posts" WHERE "posts"."id" = ? LIMIT ?[0m  [["id", 2], ["LIMIT", 1]]
  ↳ app/controllers/comments_controller.rb:30:in `block in create'
  [1m[35m (0.1ms)[0m  [1m[31mrollback transaction[0m
  ↳ app/controllers/comments_controller.rb:30:in `block in create'
  Rendering comments/new.html.erb within layouts/application
  Rendered comments/_form.html.erb (Duration: 1.5ms | Allocations: 963)
  Rendered comments/new.html.erb within layouts/application (Duration: 1.7ms | Allocations: 1045)
[Webpacker] Everything's up-to-date. Nothing to do
Completed 200 OK in 19ms (Views: 6.8ms | ActiveRecord: 0.2ms | Allocations: 12796)


